<?xml version="1.0" encoding="UTF-8"?>
<!-- Generated by org.testng.reporters.JUnitXMLReporter -->
<testsuite ignored="0" hostname="ZenthiX" failures="0" tests="4" name="UI Tests" time="17.295" errors="0" timestamp="2025-11-10T09:59:46 IST">
  <testcase classname="tests.ui.LoginTest" name="loginTestDDT" time="0.658"/>
  <testcase classname="tests.ui.LoginTest" name="loginTestDDT" time="0.51"/>
  <testcase classname="tests.ui.LoginTest" name="loginTestDDT" time="0.463"/>
  <testcase classname="tests.ui.CheckoutFlowTests" name="completeCheckoutFlowTest" time="2.43"/>
</testsuite> <!-- UI Tests -->
