<?xml version="1.0" encoding="UTF-8"?>
<testsuite xmlns:xsi="http://www.w3.org/2001/XMLSchema-instance" xsi:noNamespaceSchemaLocation="https://maven.apache.org/surefire/maven-surefire-plugin/xsd/surefire-test-report-3.0.xsd" version="3.0" name="TestSuite" time="19.057" tests="4" errors="0" skipped="0" failures="0">
  <properties>
[...]
</properties>
  <testcase name="loginTestDDT[standard_user, secret_sauce, success](1)" classname="tests.ui.LoginTest" time="0.694">
    <system-out><![CDATA[
===== Test Execution Started =====

09:59:34 [main] INFO  tests.ui.LoginTest - 💡 Starting test with Username: standard_user | Expected: success
09:59:35 [main] INFO  tests.ui.LoginTest -  Verifying successful login...
09:59:35 [main] INFO  tests.ui.LoginTest -  Login successful as expected for user: standard_user
]]></system-out>
    <system-err><![CDATA[[main] WARN org.testng.TestNG - Ignoring duplicate listener : io.qameta.allure.testng.AllureTestNg
[main] WARN org.testng.TestNG - Ignoring duplicate listener : io.qameta.allure.testng.AllureTestNg
[main] WARN org.testng.TestNG - Ignoring duplicate listener : io.qameta.allure.testng.AllureTestNg
[main] INFO io.github.bonigarcia.wdm.WebDriverManager - Using chromedriver 142.0.7444.61 (resolved driver for Chrome 142)
[main] INFO io.github.bonigarcia.wdm.WebDriverManager - Exporting webdriver.chrome.driver as C:\Users\debas\.cache\selenium\chromedriver\win64\142.0.7444.61\chromedriver.exe
Nov 10, 2025 9:59:32 AM org.openqa.selenium.devtools.CdpVersionFinder findNearestMatch
WARNING: Unable to find CDP implementation matching 142
Nov 10, 2025 9:59:32 AM org.openqa.selenium.chromium.ChromiumDriver lambda$new$5
WARNING: Unable to find version of CDP to use for 142.0.7444.135. You may need to include a dependency on a specific version of the CDP using something similar to `org.seleniumhq.selenium:selenium-devtools-v86:4.24.0` where the version ("v86") matches the version of the chromium-based browser you're using and the version number of the artifact is the same as Selenium's.
]]></system-err>
  </testcase>
  <testcase name="loginTestDDT[locked_out_user, secret_sauce, failure](2)" classname="tests.ui.LoginTest" time="0.524">
    <system-out><![CDATA[09:59:37 [main] INFO  tests.ui.LoginTest - 💡 Starting test with Username: locked_out_user | Expected: failure
09:59:38 [main] INFO  tests.ui.LoginTest -  Verifying login failure...
09:59:38 [main] INFO  tests.ui.LoginTest -  Login failed as expected for user: locked_out_user
]]></system-out>
    <system-err><![CDATA[[main] INFO io.github.bonigarcia.wdm.WebDriverManager - Using chromedriver 142.0.7444.61 (resolved driver for Chrome 142)
[main] INFO io.github.bonigarcia.wdm.WebDriverManager - Exporting webdriver.chrome.driver as C:\Users\debas\.cache\selenium\chromedriver\win64\142.0.7444.61\chromedriver.exe
Nov 10, 2025 9:59:36 AM org.openqa.selenium.devtools.CdpVersionFinder findNearestMatch
WARNING: Unable to find CDP implementation matching 142
Nov 10, 2025 9:59:36 AM org.openqa.selenium.chromium.ChromiumDriver lambda$new$5
WARNING: Unable to find version of CDP to use for 142.0.7444.135. You may need to include a dependency on a specific version of the CDP using something similar to `org.seleniumhq.selenium:selenium-devtools-v86:4.24.0` where the version ("v86") matches the version of the chromium-based browser you're using and the version number of the artifact is the same as Selenium's.
]]></system-err>
  </testcase>
  <testcase name="loginTestDDT[problem_user, secret_sauce, success](3)" classname="tests.ui.LoginTest" time="0.467">
    <system-out><![CDATA[09:59:40 [main] INFO  tests.ui.LoginTest - 💡 Starting test with Username: problem_user | Expected: success
09:59:41 [main] INFO  tests.ui.LoginTest -  Verifying successful login...
09:59:41 [main] INFO  tests.ui.LoginTest -  Login successful as expected for user: problem_user
]]></system-out>
    <system-err><![CDATA[[main] INFO io.github.bonigarcia.wdm.WebDriverManager - Using chromedriver 142.0.7444.61 (resolved driver for Chrome 142)
[main] INFO io.github.bonigarcia.wdm.WebDriverManager - Exporting webdriver.chrome.driver as C:\Users\debas\.cache\selenium\chromedriver\win64\142.0.7444.61\chromedriver.exe
Nov 10, 2025 9:59:39 AM org.openqa.selenium.devtools.CdpVersionFinder findNearestMatch
WARNING: Unable to find CDP implementation matching 142
Nov 10, 2025 9:59:39 AM org.openqa.selenium.chromium.ChromiumDriver lambda$new$5
WARNING: Unable to find version of CDP to use for 142.0.7444.135. You may need to include a dependency on a specific version of the CDP using something similar to `org.seleniumhq.selenium:selenium-devtools-v86:4.24.0` where the version ("v86") matches the version of the chromium-based browser you're using and the version number of the artifact is the same as Selenium's.
]]></system-err>
  </testcase>
  <testcase name="completeCheckoutFlowTest" classname="tests.ui.CheckoutFlowTests" time="2.443">
    <system-err><![CDATA[[main] INFO io.github.bonigarcia.wdm.WebDriverManager - Using chromedriver 142.0.7444.61 (resolved driver for Chrome 142)
[main] INFO io.github.bonigarcia.wdm.WebDriverManager - Exporting webdriver.chrome.driver as C:\Users\debas\.cache\selenium\chromedriver\win64\142.0.7444.61\chromedriver.exe
Nov 10, 2025 9:59:42 AM org.openqa.selenium.devtools.CdpVersionFinder findNearestMatch
WARNING: Unable to find CDP implementation matching 142
Nov 10, 2025 9:59:42 AM org.openqa.selenium.chromium.ChromiumDriver lambda$new$5
WARNING: Unable to find version of CDP to use for 142.0.7444.135. You may need to include a dependency on a specific version of the CDP using something similar to `org.seleniumhq.selenium:selenium-devtools-v86:4.24.0` where the version ("v86") matches the version of the chromium-based browser you're using and the version number of the artifact is the same as Selenium's.
]]></system-err>
  </testcase>
</testsuite>