<?xml version="1.0" encoding="UTF-8"?>
<testng-results ignored="0" total="4" passed="4" failed="0" skipped="0">
  <reporter-output>
  </reporter-output>
  <suite started-at="2025-11-10T09:59:28 IST" name="UI Tests Suite" finished-at="2025-11-10T09:59:46 IST" duration-ms="17295">
    <groups>
    </groups>
    <test started-at="2025-11-10T09:59:28 IST" name="UI Tests" finished-at="2025-11-10T09:59:46 IST" duration-ms="17295">
      <class name="tests.ui.CheckoutFlowTests">
        <test-method is-config="true" signature="setup()[pri:0, instance:tests.ui.CheckoutFlowTests@2b62442c]" started-at="2025-11-10T09:59:41 IST" name="setup" finished-at="2025-11-10T09:59:43 IST" duration-ms="1855" status="PASS">
          <reporter-output>
          </reporter-output>
        </test-method> <!-- setup -->
        <test-method signature="completeCheckoutFlowTest()[pri:0, instance:tests.ui.CheckoutFlowTests@2b62442c]" started-at="2025-11-10T09:59:43 IST" name="completeCheckoutFlowTest" description="Complete Checkout Flow E2E" finished-at="2025-11-10T09:59:45 IST" duration-ms="2430" status="PASS">
          <reporter-output>
          </reporter-output>
        </test-method> <!-- completeCheckoutFlowTest -->
        <test-method is-config="true" signature="tearDown(org.testng.ITestResult)[pri:0, instance:tests.ui.CheckoutFlowTests@2b62442c]" started-at="2025-11-10T09:59:45 IST" name="tearDown" finished-at="2025-11-10T09:59:46 IST" duration-ms="233" status="PASS">
          <params>
            <param index="0">
              <value>
                <![CDATA[[TestResult name=completeCheckoutFlowTest status=SUCCESS method=CheckoutFlowTests.completeCheckoutFlowTest()[pri:0, instance:tests.ui.CheckoutFlowTests@2b62442c] output={null}]]]>
              </value>
            </param>
          </params>
          <reporter-output>
          </reporter-output>
        </test-method> <!-- tearDown -->
      </class> <!-- tests.ui.CheckoutFlowTests -->
      <class name="tests.ui.LoginTest">
        <test-method is-config="true" signature="setup()[pri:0, instance:tests.ui.LoginTest@6ffab045]" started-at="2025-11-10T09:59:29 IST" name="setup" finished-at="2025-11-10T09:59:34 IST" duration-ms="4673" status="PASS">
          <reporter-output>
          </reporter-output>
        </test-method> <!-- setup -->
        <test-method signature="loginTestDDT(java.lang.String,java.lang.String,java.lang.String)[pri:0, instance:tests.ui.LoginTest@6ffab045]" started-at="2025-11-10T09:59:34 IST" name="loginTestDDT" description="Login with multiple datasets from Excel" data-provider="loginData" finished-at="2025-11-10T09:59:35 IST" duration-ms="658" status="PASS">
          <params>
            <param index="0">
              <value>
                <![CDATA[standard_user]]>
              </value>
            </param>
            <param index="1">
              <value>
                <![CDATA[secret_sauce]]>
              </value>
            </param>
            <param index="2">
              <value>
                <![CDATA[success]]>
              </value>
            </param>
          </params>
          <reporter-output>
          </reporter-output>
        </test-method> <!-- loginTestDDT -->
        <test-method is-config="true" signature="tearDown(org.testng.ITestResult)[pri:0, instance:tests.ui.LoginTest@6ffab045]" started-at="2025-11-10T09:59:35 IST" name="tearDown" finished-at="2025-11-10T09:59:35 IST" duration-ms="210" status="PASS">
          <params>
            <param index="0">
              <value>
                <![CDATA[[TestResult name=loginTestDDT status=SUCCESS method=LoginTest.loginTestDDT(java.lang.String,java.lang.String,java.lang.String)[pri:0, instance:tests.ui.LoginTest@6ffab045] output={null}]]]>
              </value>
            </param>
          </params>
          <reporter-output>
          </reporter-output>
        </test-method> <!-- tearDown -->
        <test-method is-config="true" signature="setup()[pri:0, instance:tests.ui.LoginTest@6ffab045]" started-at="2025-11-10T09:59:35 IST" name="setup" finished-at="2025-11-10T09:59:37 IST" duration-ms="1992" status="PASS">
          <reporter-output>
          </reporter-output>
        </test-method> <!-- setup -->
        <test-method signature="loginTestDDT(java.lang.String,java.lang.String,java.lang.String)[pri:0, instance:tests.ui.LoginTest@6ffab045]" started-at="2025-11-10T09:59:37 IST" name="loginTestDDT" description="Login with multiple datasets from Excel" data-provider="loginData" finished-at="2025-11-10T09:59:38 IST" duration-ms="510" status="PASS">
          <params>
            <param index="0">
              <value>
                <![CDATA[locked_out_user]]>
              </value>
            </param>
            <param index="1">
              <value>
                <![CDATA[secret_sauce]]>
              </value>
            </param>
            <param index="2">
              <value>
                <![CDATA[failure]]>
              </value>
            </param>
          </params>
          <reporter-output>
          </reporter-output>
        </test-method> <!-- loginTestDDT -->
        <test-method is-config="true" signature="tearDown(org.testng.ITestResult)[pri:0, instance:tests.ui.LoginTest@6ffab045]" started-at="2025-11-10T09:59:38 IST" name="tearDown" finished-at="2025-11-10T09:59:38 IST" duration-ms="606" status="PASS">
          <params>
            <param index="0">
              <value>
                <![CDATA[[TestResult name=loginTestDDT status=SUCCESS method=LoginTest.loginTestDDT(java.lang.String,java.lang.String,java.lang.String)[pri:0, instance:tests.ui.LoginTest@6ffab045] output={null}]]]>
              </value>
            </param>
          </params>
          <reporter-output>
          </reporter-output>
        </test-method> <!-- tearDown -->
        <test-method is-config="true" signature="setup()[pri:0, instance:tests.ui.LoginTest@6ffab045]" started-at="2025-11-10T09:59:38 IST" name="setup" finished-at="2025-11-10T09:59:40 IST" duration-ms="1829" status="PASS">
          <reporter-output>
          </reporter-output>
        </test-method> <!-- setup -->
        <test-method signature="loginTestDDT(java.lang.String,java.lang.String,java.lang.String)[pri:0, instance:tests.ui.LoginTest@6ffab045]" started-at="2025-11-10T09:59:40 IST" name="loginTestDDT" description="Login with multiple datasets from Excel" data-provider="loginData" finished-at="2025-11-10T09:59:41 IST" duration-ms="463" status="PASS">
          <params>
            <param index="0">
              <value>
                <![CDATA[problem_user]]>
              </value>
            </param>
            <param index="1">
              <value>
                <![CDATA[secret_sauce]]>
              </value>
            </param>
            <param index="2">
              <value>
                <![CDATA[success]]>
              </value>
            </param>
          </params>
          <reporter-output>
          </reporter-output>
        </test-method> <!-- loginTestDDT -->
        <test-method is-config="true" signature="tearDown(org.testng.ITestResult)[pri:0, instance:tests.ui.LoginTest@6ffab045]" started-at="2025-11-10T09:59:41 IST" name="tearDown" finished-at="2025-11-10T09:59:41 IST" duration-ms="444" status="PASS">
          <params>
            <param index="0">
              <value>
                <![CDATA[[TestResult name=loginTestDDT status=SUCCESS method=LoginTest.loginTestDDT(java.lang.String,java.lang.String,java.lang.String)[pri:0, instance:tests.ui.LoginTest@6ffab045] output={null}]]]>
              </value>
            </param>
          </params>
          <reporter-output>
          </reporter-output>
        </test-method> <!-- tearDown -->
      </class> <!-- tests.ui.LoginTest -->
    </test> <!-- UI Tests -->
  </suite> <!-- UI Tests Suite -->
</testng-results>
