<?xml version="1.0" encoding="UTF-8"?>
<!-- Generated by org.testng.reporters.JUnitReportReporter -->
<testsuite hostname="ZenthiX" failures="0" tests="3" name="tests.ui.LoginTest" time="11.385" errors="0" timestamp="2025-11-10T09:59:46 IST" skipped="0">
  <testcase classname="tests.ui.LoginTest" name="loginTestDDT" time="3.108"/>
  <testcase classname="tests.ui.LoginTest" name="loginTestDDT" time="5.346"/>
  <testcase classname="tests.ui.LoginTest" name="loginTestDDT" time="2.931"/>
</testsuite> <!-- tests.ui.LoginTest -->
